<?xml version="1.0" encoding="UTF-8"?>
<!-- Generated by org.testng.reporters.JUnitReportReporter -->
<testsuite hostname="DESKTOP-1U6MN8S" failures="0" tests="2" name="test.TestNGIgnore" time="0.020" errors="0" timestamp="2022-08-24T21:14:44 IST" skipped="0">
  <testcase classname="test.TestNGIgnore" name="test1" time="0.017"/>
  <system-out/>
  <testcase classname="test.TestNGIgnore" name="test2" time="0.003"/>
  <system-out/>
</testsuite> <!-- test.TestNGIgnore -->
