<?xml version="1.0" encoding="UTF-8"?>
<!-- Generated by org.testng.reporters.JUnitReportReporter -->
<testsuite hostname="DESKTOP-1U6MN8S" failures="0" tests="1" name="test.googleTest" time="10.777" errors="0" timestamp="2022-08-25T09:52:15 IST" skipped="0">
  <testcase classname="test.googleTest" name="googleSearch" time="10.777"/>
  <system-out/>
</testsuite> <!-- test.googleTest -->
