<?xml version="1.0" encoding="UTF-8"?>
<!-- Generated by org.testng.reporters.JUnitReportReporter -->
<testsuite hostname="DESKTOP-1U6MN8S" failures="0" tests="7" name="test.GroupTest" time="0.045" errors="0" timestamp="2022-08-24T21:02:25 IST" skipped="0">
  <testcase classname="test.GroupTest" name="test7" time="0.003"/>
  <system-out/>
  <testcase classname="test.GroupTest" name="test3" time="0.002"/>
  <system-out/>
  <testcase classname="test.GroupTest" name="test6" time="0.004"/>
  <system-out/>
  <testcase classname="test.GroupTest" name="test1" time="0.022"/>
  <system-out/>
  <testcase classname="test.GroupTest" name="test2" time="0.004"/>
  <system-out/>
  <testcase classname="test.GroupTest" name="test5" time="0.003"/>
  <system-out/>
  <testcase classname="test.GroupTest" name="test4" time="0.007"/>
  <system-out/>
</testsuite> <!-- test.GroupTest -->
