<?xml version="1.0" encoding="UTF-8"?>
<!-- Generated by org.testng.reporters.JUnitReportReporter -->
<testsuite hostname="DESKTOP-1U6MN8S" failures="0" tests="1" name="test.parametersTest" time="0.023" errors="0" timestamp="2022-08-24T19:38:05 IST" skipped="0">
  <testcase classname="test.parametersTest" name="paramtest" time="0.023"/>
  <system-out/>
</testsuite> <!-- test.parametersTest -->
