<?xml version="1.0" encoding="UTF-8"?>
<!-- Generated by org.testng.reporters.JUnitReportReporter -->
<testsuite hostname="DESKTOP-1U6MN8S" failures="0" tests="6" name="NewTest" time="8.105" errors="0" timestamp="2022-08-11T16:01:10 IST" skipped="0">
  <testcase classname="NewTest" name="f4" time="0.008"/>
  <system-out/>
  <testcase classname="NewTest" name="f6" time="0.015"/>
  <system-out/>
  <testcase classname="NewTest" name="f5" time="0.005"/>
  <system-out/>
  <testcase classname="NewTest" name="f2" time="0.015"/>
  <system-out/>
  <testcase classname="NewTest" name="f1" time="8.047"/>
  <system-out/>
  <testcase classname="NewTest" name="f3" time="0.015"/>
  <system-out/>
</testsuite> <!-- NewTest -->
