<?xml version="1.0" encoding="UTF-8"?>
<!-- Generated by org.testng.reporters.JUnitReportReporter -->
<testsuite hostname="DESKTOP-1U6MN8S" failures="0" tests="1" name="test.swiggyTest" time="19.741" errors="0" timestamp="2022-08-11T18:08:16 IST" skipped="0">
  <testcase classname="test.swiggyTest" name="findLocation" time="19.741"/>
  <system-out/>
</testsuite> <!-- test.swiggyTest -->
