<?xml version="1.0" encoding="UTF-8"?>
<!-- Generated by org.testng.reporters.JUnitReportReporter -->
<testsuite hostname="DESKTOP-1U6MN8S" failures="0" tests="1" name="logger.log4jDemo" time="0.033" errors="0" timestamp="2022-08-24T16:05:54 IST" skipped="0">
  <testcase classname="logger.log4jDemo" name="log4jTest" time="0.033"/>
  <system-out/>
</testsuite> <!-- logger.log4jDemo -->
