<?xml version="1.0" encoding="UTF-8"?>
<!-- Generated by org.testng.reporters.JUnitReportReporter -->
<testsuite hostname="DESKTOP-1U6MN8S" failures="0" tests="3" name="listeners.TestNGListenersTest" time="0.028" errors="0" timestamp="2022-08-24T18:12:12 IST" skipped="1">
  <testcase classname="listeners.TestNGListenersTest" name="testListeners3" time="0.004">
    <skipped/>
  </testcase> <!-- testListeners3 -->
  <system-out/>
  <testcase classname="listeners.TestNGListenersTest" name="testListeners1" time="0.019"/>
  <system-out/>
  <testcase classname="listeners.TestNGListenersTest" name="testListeners2" time="0.005"/>
  <system-out/>
</testsuite> <!-- listeners.TestNGListenersTest -->
