<?xml version="1.0" encoding="UTF-8"?>
<!-- Generated by org.testng.reporters.JUnitReportReporter -->
<testsuite hostname="DESKTOP-1U6MN8S" failures="0" tests="1" name="test.AutoITDemo" time="14.894" errors="0" timestamp="2022-08-25T12:44:54 IST" skipped="0">
  <testcase classname="test.AutoITDemo" name="Test1" time="14.894"/>
  <system-out/>
</testsuite> <!-- test.AutoITDemo -->
