<?xml version="1.0" encoding="UTF-8"?>
<!-- Generated by org.testng.reporters.JUnitReportReporter -->
<testsuite hostname="DESKTOP-1U6MN8S" failures="0" tests="1" name="loggerDemo.log4jDemo" time="0.027" errors="0" timestamp="2022-08-24T16:10:35 IST" skipped="0">
  <testcase classname="loggerDemo.log4jDemo" name="log4jTest" time="0.027"/>
  <system-out/>
</testsuite> <!-- loggerDemo.log4jDemo -->
