<?xml version="1.0" encoding="UTF-8"?>
<!-- Generated by org.testng.reporters.JUnitReportReporter -->
<testsuite hostname="DESKTOP-1U6MN8S" failures="0" tests="3" name="test.TestNGDependencyDemo" time="0.027" errors="0" timestamp="2022-08-24T21:04:35 IST" skipped="0">
  <testcase classname="test.TestNGDependencyDemo" name="test2" time="0.021"/>
  <system-out/>
  <testcase classname="test.TestNGDependencyDemo" name="test3" time="0.003"/>
  <system-out/>
  <testcase classname="test.TestNGDependencyDemo" name="test1" time="0.003"/>
  <system-out/>
</testsuite> <!-- test.TestNGDependencyDemo -->
