<?xml version="1.0" encoding="UTF-8"?>
<!-- Generated by org.testng.reporters.JUnitReportReporter -->
<testsuite hostname="DESKTOP-1U6MN8S" failures="0" tests="6" name="practise.NewTest" time="6.427" errors="0" timestamp="2022-08-16T11:47:22 IST" skipped="0">
  <testcase classname="practise.NewTest" name="f5" time="0.004"/>
  <system-out/>
  <testcase classname="practise.NewTest" name="f2" time="0.005"/>
  <system-out/>
  <testcase classname="practise.NewTest" name="f3" time="0.003"/>
  <system-out/>
  <testcase classname="practise.NewTest" name="f6" time="0.003"/>
  <system-out/>
  <testcase classname="practise.NewTest" name="f4" time="0.002"/>
  <system-out/>
  <testcase classname="practise.NewTest" name="f1" time="6.410"/>
  <system-out/>
</testsuite> <!-- practise.NewTest -->
